mode: atomic
github.com/Vladimir814/homework_lesson_11_2_tests/do/do.go:11.50,13.11 2 5
github.com/Vladimir814/homework_lesson_11_2_tests/do/do.go:21.2,21.11 1 4
github.com/Vladimir814/homework_lesson_11_2_tests/do/do.go:28.2,28.7 1 3
github.com/Vladimir814/homework_lesson_11_2_tests/do/do.go:32.2,32.19 1 3
github.com/Vladimir814/homework_lesson_11_2_tests/do/do.go:36.2,36.17 1 3
github.com/Vladimir814/homework_lesson_11_2_tests/do/do.go:14.21,15.25 1 3
github.com/Vladimir814/homework_lesson_11_2_tests/do/do.go:16.18,16.18 0 1
github.com/Vladimir814/homework_lesson_11_2_tests/do/do.go:17.10,18.37 1 1
github.com/Vladimir814/homework_lesson_11_2_tests/do/do.go:22.26,23.11 1 3
github.com/Vladimir814/homework_lesson_11_2_tests/do/do.go:24.10,25.37 1 1
github.com/Vladimir814/homework_lesson_11_2_tests/do/do.go:28.7,30.3 1 2
github.com/Vladimir814/homework_lesson_11_2_tests/do/do.go:32.19,34.3 1 2
